[01-Mar-2025 19:20:20 America/New_York] PHP Warning:  A non-numeric value encountered in /mnt/f/cis_projects/dev/KVCC/CIS193/project_02/views/seeds/seeds.php on line 20
[01-Mar-2025 19:20:20 America/New_York] PHP Warning:  A non-numeric value encountered in /mnt/f/cis_projects/dev/KVCC/CIS193/project_02/views/seeds/seeds.php on line 20
[01-Mar-2025 19:20:58 America/New_York] PHP Warning:  A non-numeric value encountered in /mnt/f/cis_projects/dev/KVCC/CIS193/project_02/views/seeds/seeds.php on line 20
[01-Mar-2025 19:20:58 America/New_York] PHP Warning:  A non-numeric value encountered in /mnt/f/cis_projects/dev/KVCC/CIS193/project_02/views/seeds/seeds.php on line 20
[01-Mar-2025 19:21:16 America/New_York] PHP Warning:  A non-numeric value encountered in /mnt/f/cis_projects/dev/KVCC/CIS193/project_02/views/seeds/seeds.php on line 20
[01-Mar-2025 19:21:16 America/New_York] PHP Warning:  A non-numeric value encountered in /mnt/f/cis_projects/dev/KVCC/CIS193/project_02/views/seeds/seeds.php on line 20
[01-Mar-2025 19:23:10 America/New_York] PHP Warning:  A non-numeric value encountered in /mnt/f/cis_projects/dev/KVCC/CIS193/project_02/views/seeds/seeds.php on line 20
[01-Mar-2025 19:23:10 America/New_York] PHP Warning:  A non-numeric value encountered in /mnt/f/cis_projects/dev/KVCC/CIS193/project_02/views/seeds/seeds.php on line 20
[01-Mar-2025 19:36:38 America/New_York] PHP Warning:  A non-numeric value encountered in /mnt/f/cis_projects/dev/KVCC/CIS193/project_02/views/seeds/seeds.php on line 20
[01-Mar-2025 19:36:38 America/New_York] PHP Warning:  A non-numeric value encountered in /mnt/f/cis_projects/dev/KVCC/CIS193/project_02/views/seeds/seeds.php on line 20
[01-Mar-2025 19:40:25 America/New_York] PHP Warning:  A non-numeric value encountered in /mnt/f/cis_projects/dev/KVCC/CIS193/project_02/views/seeds/calc.php on line 20
[01-Mar-2025 19:40:25 America/New_York] PHP Warning:  A non-numeric value encountered in /mnt/f/cis_projects/dev/KVCC/CIS193/project_02/views/seeds/calc.php on line 20
[01-Mar-2025 19:45:04 America/New_York] PHP Fatal error:  Uncaught TypeError: Unable to parse Form Data into an array! in /mnt/f/cis_projects/dev/KVCC/CIS193/project_02/src/request.php:127
Stack trace:
#0 /mnt/f/cis_projects/dev/KVCC/CIS193/project_02/src/request.php(61): Request->handlePOST()
#1 /mnt/f/cis_projects/dev/KVCC/CIS193/project_02/src/request.php(33): Request->loadData()
#2 /mnt/f/cis_projects/dev/KVCC/CIS193/project_02/views/seeds/seeds.php(15): Request->__construct()
#3 {main}
  thrown in /mnt/f/cis_projects/dev/KVCC/CIS193/project_02/src/request.php on line 127
[01-Mar-2025 19:45:15 America/New_York] PHP Fatal error:  Uncaught TypeError: Unable to parse Form Data into an array! in /mnt/f/cis_projects/dev/KVCC/CIS193/project_02/src/request.php:127
Stack trace:
#0 /mnt/f/cis_projects/dev/KVCC/CIS193/project_02/src/request.php(61): Request->handlePOST()
#1 /mnt/f/cis_projects/dev/KVCC/CIS193/project_02/src/request.php(33): Request->loadData()
#2 /mnt/f/cis_projects/dev/KVCC/CIS193/project_02/views/seeds/seeds.php(15): Request->__construct()
#3 {main}
  thrown in /mnt/f/cis_projects/dev/KVCC/CIS193/project_02/src/request.php on line 127
[01-Mar-2025 19:46:39 America/New_York] PHP Fatal error:  Uncaught TypeError: Unable to parse Form Data into an array! in /mnt/f/cis_projects/dev/KVCC/CIS193/project_02/src/request.php:128
Stack trace:
#0 /mnt/f/cis_projects/dev/KVCC/CIS193/project_02/src/request.php(61): Request->handlePOST()
#1 /mnt/f/cis_projects/dev/KVCC/CIS193/project_02/src/request.php(33): Request->loadData()
#2 /mnt/f/cis_projects/dev/KVCC/CIS193/project_02/views/seeds/seeds.php(15): Request->__construct()
#3 {main}
  thrown in /mnt/f/cis_projects/dev/KVCC/CIS193/project_02/src/request.php on line 128
[01-Mar-2025 19:47:14 America/New_York] PHP Fatal error:  Uncaught TypeError: Unable to parse Form Data into an array! in /mnt/f/cis_projects/dev/KVCC/CIS193/project_02/src/request.php:128
Stack trace:
#0 /mnt/f/cis_projects/dev/KVCC/CIS193/project_02/src/request.php(61): Request->handlePOST()
#1 /mnt/f/cis_projects/dev/KVCC/CIS193/project_02/src/request.php(33): Request->loadData()
#2 /mnt/f/cis_projects/dev/KVCC/CIS193/project_02/views/seeds/seeds.php(15): Request->__construct()
#3 {main}
  thrown in /mnt/f/cis_projects/dev/KVCC/CIS193/project_02/src/request.php on line 128
[01-Mar-2025 19:47:41 America/New_York] PHP Fatal error:  Uncaught TypeError: Unable to parse Form Data into an array! in /mnt/f/cis_projects/dev/KVCC/CIS193/project_02/src/request.php:128
Stack trace:
#0 /mnt/f/cis_projects/dev/KVCC/CIS193/project_02/src/request.php(61): Request->handlePOST()
#1 /mnt/f/cis_projects/dev/KVCC/CIS193/project_02/src/request.php(33): Request->loadData()
#2 /mnt/f/cis_projects/dev/KVCC/CIS193/project_02/views/seeds/seeds.php(15): Request->__construct()
#3 {main}
  thrown in /mnt/f/cis_projects/dev/KVCC/CIS193/project_02/src/request.php on line 128
[01-Mar-2025 19:48:18 America/New_York] PHP Fatal error:  Uncaught TypeError: Unable to parse Form Data into an array! in /mnt/f/cis_projects/dev/KVCC/CIS193/project_02/src/request.php:129
Stack trace:
#0 /mnt/f/cis_projects/dev/KVCC/CIS193/project_02/src/request.php(61): Request->handlePOST()
#1 /mnt/f/cis_projects/dev/KVCC/CIS193/project_02/src/request.php(33): Request->loadData()
#2 /mnt/f/cis_projects/dev/KVCC/CIS193/project_02/views/seeds/seeds.php(15): Request->__construct()
#3 {main}
  thrown in /mnt/f/cis_projects/dev/KVCC/CIS193/project_02/src/request.php on line 129
[01-Mar-2025 19:48:39 America/New_York] PHP Fatal error:  Uncaught TypeError: Unable to parse Form Data into an array! in /mnt/f/cis_projects/dev/KVCC/CIS193/project_02/src/request.php:129
Stack trace:
#0 /mnt/f/cis_projects/dev/KVCC/CIS193/project_02/src/request.php(61): Request->handlePOST()
#1 /mnt/f/cis_projects/dev/KVCC/CIS193/project_02/src/request.php(33): Request->loadData()
#2 /mnt/f/cis_projects/dev/KVCC/CIS193/project_02/views/seeds/seeds.php(15): Request->__construct()
#3 {main}
  thrown in /mnt/f/cis_projects/dev/KVCC/CIS193/project_02/src/request.php on line 129
[01-Mar-2025 19:49:46 America/New_York] PHP Fatal error:  Uncaught TypeError: Unable to parse Form Data into an array! in /mnt/f/cis_projects/dev/KVCC/CIS193/project_02/src/request.php:129
Stack trace:
#0 /mnt/f/cis_projects/dev/KVCC/CIS193/project_02/src/request.php(61): Request->handlePOST()
#1 /mnt/f/cis_projects/dev/KVCC/CIS193/project_02/src/request.php(33): Request->loadData()
#2 /mnt/f/cis_projects/dev/KVCC/CIS193/project_02/views/seeds/seeds.php(15): Request->__construct()
#3 {main}
  thrown in /mnt/f/cis_projects/dev/KVCC/CIS193/project_02/src/request.php on line 129
